2026-04-18T11:46:32.134554 - Iniciando importación de 23 filas.
2026-04-18T11:46:32.138558 - Cargadas 68 transacciones existentes para comparación.
2026-04-18T11:46:32.404055 - NUEVA: 2026-04-16 22:36:27 - -5.0 - SQ *LA POCHA - Calle De Raimun...
2026-04-18T11:46:32.404055 - SALTADA (Firma): 2026-04-07 08:42:09 - -26.1 - MANOLO BAKES ORENSE...
2026-04-18T11:46:32.404055 - SALTADA (Firma): 2026-04-03 22:39:28 - -56.8 - PIZZERIA LORO DI NAPOL - PSO.C...
2026-04-18T11:46:32.404055 - SALTADA (Firma): 2026-04-02 20:50:19 - -13.9 - EL RINCON DEL TAPEO - C.  C. C...
2026-04-18T11:46:32.405054 - SALTADA (Firma): 2026-04-02 18:04:52 - -7.8 - DUNKIN COFFEE/OFICINAS...
2026-04-18T11:46:32.688319 - NUEVA: 2026-03-28 21:46:00 - -23.6 - El Capirote de Granada...
2026-04-18T11:46:32.950937 - NUEVA: 2026-03-25 20:08:37 - -3.5 - CAPATAZ...
2026-04-18T11:46:33.129100 - NUEVA: 2026-03-25 15:03:20 - -15.0 - LA CAVA DE JUANI...
2026-04-18T11:46:33.380865 - NUEVA: 2026-03-24 13:47:54 - 165.0 - RECARGA...
2026-04-18T11:46:33.574521 - NUEVA: 2026-03-08 11:46:47 - -15.9 - BAR ROMARIO - BEATO TOMAS DE Z...
2026-04-18T11:46:33.755167 - NUEVA: 2026-03-05 19:46:25 - -3.5 - CAPATAZ...
2026-04-18T11:46:33.989330 - NUEVA: 2026-03-05 14:51:56 - -15.9 - 4 LATAS CASTELLANA...
2026-04-18T11:46:34.269592 - NUEVA: 2026-03-02 23:27:40 - -6.8 - CRUZ BLANCA...
2026-04-18T11:46:34.461476 - NUEVA: 2026-03-02 22:32:55 - -66.9 - SRITOMAD SL - C.  PELAYO      ...
2026-04-18T11:46:34.697728 - NUEVA: 2026-03-02 21:23:09 - -7.6 - EL BUO CHUECA...
2026-04-18T11:46:35.154316 - NUEVA: 2026-02-26 22:48:24 - -94.5 - RESTAURANTE EL BAJIO. - C.  CL...
2026-04-18T11:46:35.484785 - NUEVA: 2026-02-26 20:36:36 - -10.0 - SALITRE RESTAURACION - C.  JUA...
2026-04-18T11:46:35.760380 - NUEVA: 2026-02-24 13:49:09 - 165.0 - RECARGA...
2026-04-18T11:46:36.148715 - NUEVA: 2026-02-22 14:17:47 - -31.7 - VINOTECA...
2026-04-18T11:46:36.336486 - NUEVA: 2026-01-25 15:57:40 - -14.47 - KENTUCKY FRIED CHICKEN...
2026-04-18T11:46:39.652847 - NUEVA: 2026-01-22 21:03:40 - -9.0 - CAPATAZ...
2026-04-18T11:46:44.023747 - NUEVA: 2026-01-22 15:08:22 - -18.95 - LE MACAO...
2026-04-18T11:46:48.371289 - NUEVA: 2026-01-22 13:48:09 - 165.0 - RECARGA...