2026-04-26T12:22:49.168286 - Iniciando importación de 24 transacciones para SANTANDER
2026-04-26T12:22:51.083321 - NUEVA: 2026-04-24 - -31.87 - Pago Movil En Mercadona Taran,
2026-04-26T12:22:51.616284 - NUEVA: 2026-04-24 - -5.64 - Pago Movil En Mercadona Taran,
2026-04-26T12:22:55.374732 - NUEVA: 2026-04-23 - -69.89 - Compra Www.amazon* Nz2yd8gu4, 
2026-04-26T12:22:55.899432 - NUEVA: 2026-04-23 - -13.5 - Bizum A Favor De Marcelo Duran
2026-04-26T12:22:56.390577 - NUEVA: 2026-04-23 - -14.27 - Pago Movil En T05 Alcampo Alc,
2026-04-26T12:22:56.390577 - IGNORADA (Duplicada): 2026-04-21 - -2.99 - Compra Paypal *itunesappst Ap,
2026-04-26T12:22:56.390577 - IGNORADA (Duplicada): 2026-04-20 - -55.0 - Bizum A Favor De Maria Del Car
2026-04-26T12:22:56.390577 - IGNORADA (Duplicada): 2026-04-20 - -10.9 - Pago Movil En Metro De Madrid,
2026-04-26T12:22:56.390577 - IGNORADA (Duplicada): 2026-04-20 - 10.9 - Anulacion Pago Movil En Metro 
2026-04-26T12:22:56.390577 - IGNORADA (Duplicada): 2026-04-20 - -10.9 - Pago Movil En Metro De Madrid,
2026-04-26T12:22:56.390577 - IGNORADA (Duplicada): 2026-04-20 - -14.9 - Compra Www.amazon* Nw75x05x4, 
2026-04-26T12:22:56.861054 - NUEVA: 2026-04-20 - 33.9 - Bizum De Lucia Martin Hernan C
2026-04-26T12:22:56.861054 - IGNORADA (Duplicada): 2026-04-20 - 36.0 - Bizum De Luis Martin Torremoch
2026-04-26T12:22:56.861054 - IGNORADA (Duplicada): 2026-04-20 - 260.0 - Bizum De Luis Martin Torremoch
2026-04-26T12:22:56.861054 - IGNORADA (Duplicada): 2026-04-17 - 817.79 - Transferencia De Devoluciones 
2026-04-26T12:22:56.861054 - IGNORADA (Duplicada): 2026-04-17 - -859.17 - Transferencia Inmediata A Favo
2026-04-26T12:22:56.861054 - IGNORADA (Duplicada): 2026-04-16 - 14.9 - Bizum De Lucia Martin Hernan C
2026-04-26T12:22:56.861054 - IGNORADA (Duplicada): 2026-04-16 - -19.99 - Compra Paypal *netflix, 353143
2026-04-26T12:22:56.861054 - IGNORADA (Duplicada): 2026-04-15 - -10.0 - Bizum A Favor De Sofia Cruzado
2026-04-26T12:22:56.861054 - IGNORADA (Duplicada): 2026-04-15 - -36.9 - Compra Www.amazon* Nw72g44h4, 
2026-04-26T12:22:56.861054 - IGNORADA (Duplicada): 2026-04-14 - 22.0 - Bizum De Ricardo Garcia Saez C
2026-04-26T12:22:56.861054 - IGNORADA (Duplicada): 2026-04-13 - -10.0 - Bizum A Favor De Angela Trujil
2026-04-26T12:22:56.861054 - IGNORADA (Duplicada): 2026-04-13 - -10.0 - Bizum A Favor De Francisco Flo
2026-04-26T12:22:56.861054 - IGNORADA (Duplicada): 2026-04-13 - -26.0 - Compra Quiz Room Espana S.l., 